* using log directory ‘/Users/tianzhuqin/Documents/fect/fect/check/fect.Rcheck’
* using R version 4.4.2 (2024-10-31)
* using platform: aarch64-apple-darwin20
* R was compiled by
    Apple clang version 14.0.0 (clang-1400.0.29.202)
    GNU Fortran (GCC) 12.2.0
* running under: macOS 26.0
* using session charset: UTF-8
* using options ‘--no-manual --as-cran’
* checking for file ‘fect/DESCRIPTION’ ... OK
* checking extension type ... Package
* this is package ‘fect’ version ‘2.0.4’
* package encoding: UTF-8
* checking CRAN incoming feasibility ... [3s/21s] NOTE
Maintainer: ‘Yiqing Xu <yiqingxu@stanford.edu>’

New maintainer:
  Yiqing Xu <yiqingxu@stanford.edu>
Old maintainer(s):
  Ziyi Liu <zyliu2020@uchicago.edu>

Suggests or Enhances not in mainstream repositories:
  HonestDiDFEct
* checking package namespace information ... OK
* checking package dependencies ... OK
* checking if this is a source package ... OK
* checking if there is a namespace ... OK
* checking for executable files ... OK
* checking for hidden files and directories ... OK
* checking for portable file names ... OK
* checking for sufficient/correct file permissions ... OK
* checking whether package ‘fect’ can be installed ... [22s/23s] OK
* used C++ compiler: ‘Apple clang version 17.0.0 (clang-1700.0.13.5)’
* used SDK: ‘MacOSX26.0.sdk’
* checking installed package size ... OK
* checking package directory ... OK
* checking for future file timestamps ... NOTE
unable to verify current time
* checking DESCRIPTION meta-information ... NOTE
Package listed in more than one of Depends, Imports, Suggests, Enhances:
  ‘ggplot2’
A package should be listed in only one of these fields.
* checking top-level files ... OK
* checking for left-over files ... OK
* checking index information ... OK
* checking package subdirectories ... OK
* checking code files for non-ASCII characters ... OK
* checking R files for syntax errors ... OK
* checking whether the package can be loaded ... OK
* checking whether the package can be loaded with stated dependencies ... OK
* checking whether the package can be unloaded cleanly ... OK
* checking whether the namespace can be loaded with stated dependencies ... OK
* checking whether the namespace can be unloaded cleanly ... OK
* checking use of S3 registration ... OK
* checking dependencies in R code ... OK
* checking S3 generic/method consistency ... OK
* checking replacement functions ... OK
* checking foreign function calls ... OK
* checking R code for possible problems ... [11s/11s] NOTE
Found the following assignments to the global environment:
File ‘fect/R/boot.R’:
  assign("boot", boot, .GlobalEnv)
* checking Rd files ... OK
* checking Rd metadata ... OK
* checking Rd line widths ... OK
* checking Rd cross-references ... OK
* checking for missing documentation entries ... OK
* checking for code/documentation mismatches ... OK
* checking Rd \usage sections ... OK
* checking Rd contents ... OK
* checking for unstated dependencies in examples ... OK
* checking contents of ‘data’ directory ... OK
* checking data for non-ASCII characters ... OK
* checking data for ASCII and uncompressed saves ... OK
* checking line endings in C/C++/Fortran sources/headers ... OK
* checking line endings in Makefiles ... OK
* checking compilation flags in Makevars ... OK
* checking for GNU extensions in Makefiles ... OK
* checking for portable use of $(BLAS_LIBS) and $(LAPACK_LIBS) ... OK
* checking use of PKG_*FLAGS in Makefiles ... OK
* checking use of SHLIB_OPENMP_*FLAGS in Makefiles ... OK
* checking pragmas in C/C++ headers and code ... OK
* checking compilation flags used ... OK
* checking compiled code ... OK
* checking examples ... OK
* checking for unstated dependencies in ‘tests’ ... OK
* checking tests ... [99s/100s] OK
  Running ‘testthat.R’ [99s/100s]
* checking for non-standard things in the check directory ... OK
* checking for detritus in the temp directory ... OK
* DONE
Status: 4 NOTEs
