* installing *source* package ‘fect’ ...
** using staged installation
** libs
using C++ compiler: ‘Apple clang version 17.0.0 (clang-1700.0.13.5)’
using SDK: ‘MacOSX26.0.sdk’
clang++ -arch arm64 -std=gnu++17 -I"/Library/Frameworks/R.framework/Resources/include" -DNDEBUG -DARMA_64BIT_WORD=1 -I'/Library/Frameworks/R.framework/Versions/4.4-arm64/Resources/library/Rcpp/include' -I'/Library/Frameworks/R.framework/Versions/4.4-arm64/Resources/library/RcppArmadillo/include' -I/opt/R/arm64/include     -fPIC  -falign-functions=64 -Wall -g -O2   -c RcppExports.cpp -o RcppExports.o
clang++ -arch arm64 -std=gnu++17 -I"/Library/Frameworks/R.framework/Resources/include" -DNDEBUG -DARMA_64BIT_WORD=1 -I'/Library/Frameworks/R.framework/Versions/4.4-arm64/Resources/library/Rcpp/include' -I'/Library/Frameworks/R.framework/Versions/4.4-arm64/Resources/library/RcppArmadillo/include' -I/opt/R/arm64/include     -fPIC  -falign-functions=64 -Wall -g -O2   -c auxiliary.cpp -o auxiliary.o
clang++ -arch arm64 -std=gnu++17 -I"/Library/Frameworks/R.framework/Resources/include" -DNDEBUG -DARMA_64BIT_WORD=1 -I'/Library/Frameworks/R.framework/Versions/4.4-arm64/Resources/library/Rcpp/include' -I'/Library/Frameworks/R.framework/Versions/4.4-arm64/Resources/library/RcppArmadillo/include' -I/opt/R/arm64/include     -fPIC  -falign-functions=64 -Wall -g -O2   -c binary_qr.cpp -o binary_qr.o
clang++ -arch arm64 -std=gnu++17 -I"/Library/Frameworks/R.framework/Resources/include" -DNDEBUG -DARMA_64BIT_WORD=1 -I'/Library/Frameworks/R.framework/Versions/4.4-arm64/Resources/library/Rcpp/include' -I'/Library/Frameworks/R.framework/Versions/4.4-arm64/Resources/library/RcppArmadillo/include' -I/opt/R/arm64/include     -fPIC  -falign-functions=64 -Wall -g -O2   -c binary_sub.cpp -o binary_sub.o
clang++ -arch arm64 -std=gnu++17 -I"/Library/Frameworks/R.framework/Resources/include" -DNDEBUG -DARMA_64BIT_WORD=1 -I'/Library/Frameworks/R.framework/Versions/4.4-arm64/Resources/library/Rcpp/include' -I'/Library/Frameworks/R.framework/Versions/4.4-arm64/Resources/library/RcppArmadillo/include' -I/opt/R/arm64/include     -fPIC  -falign-functions=64 -Wall -g -O2   -c binary_svd.cpp -o binary_svd.o
clang++ -arch arm64 -std=gnu++17 -I"/Library/Frameworks/R.framework/Resources/include" -DNDEBUG -DARMA_64BIT_WORD=1 -I'/Library/Frameworks/R.framework/Versions/4.4-arm64/Resources/library/Rcpp/include' -I'/Library/Frameworks/R.framework/Versions/4.4-arm64/Resources/library/RcppArmadillo/include' -I/opt/R/arm64/include     -fPIC  -falign-functions=64 -Wall -g -O2   -c fe_sub.cpp -o fe_sub.o
clang++ -arch arm64 -std=gnu++17 -I"/Library/Frameworks/R.framework/Resources/include" -DNDEBUG -DARMA_64BIT_WORD=1 -I'/Library/Frameworks/R.framework/Versions/4.4-arm64/Resources/library/Rcpp/include' -I'/Library/Frameworks/R.framework/Versions/4.4-arm64/Resources/library/RcppArmadillo/include' -I/opt/R/arm64/include     -fPIC  -falign-functions=64 -Wall -g -O2   -c ife.cpp -o ife.o
clang++ -arch arm64 -std=gnu++17 -I"/Library/Frameworks/R.framework/Resources/include" -DNDEBUG -DARMA_64BIT_WORD=1 -I'/Library/Frameworks/R.framework/Versions/4.4-arm64/Resources/library/Rcpp/include' -I'/Library/Frameworks/R.framework/Versions/4.4-arm64/Resources/library/RcppArmadillo/include' -I/opt/R/arm64/include     -fPIC  -falign-functions=64 -Wall -g -O2   -c ife_sub.cpp -o ife_sub.o
clang++ -arch arm64 -std=gnu++17 -I"/Library/Frameworks/R.framework/Resources/include" -DNDEBUG -DARMA_64BIT_WORD=1 -I'/Library/Frameworks/R.framework/Versions/4.4-arm64/Resources/library/Rcpp/include' -I'/Library/Frameworks/R.framework/Versions/4.4-arm64/Resources/library/RcppArmadillo/include' -I/opt/R/arm64/include     -fPIC  -falign-functions=64 -Wall -g -O2   -c mc.cpp -o mc.o
clang++ -arch arm64 -std=gnu++17 -dynamiclib -Wl,-headerpad_max_install_names -undefined dynamic_lookup -L/Library/Frameworks/R.framework/Resources/lib -L/opt/R/arm64/lib -o fect.so RcppExports.o auxiliary.o binary_qr.o binary_sub.o binary_svd.o fe_sub.o ife.o ife_sub.o mc.o -L/Library/Frameworks/R.framework/Resources/lib -lRlapack -L/Library/Frameworks/R.framework/Resources/lib -lRblas -L/opt/gfortran/lib/gcc/aarch64-apple-darwin20.0/12.2.0 -L/opt/gfortran/lib -lgfortran -lemutls_w -lquadmath -F/Library/Frameworks/R.framework/.. -framework R -Wl,-framework -Wl,CoreFoundation
installing to /Users/tianzhuqin/Documents/fect/fect/check/fect.Rcheck/00LOCK-fect/00new/fect/libs
** R
** data
** byte-compile and prepare package for lazy loading
** help
*** installing help indices
** building package indices
** testing if installed package can be loaded from temporary location
** checking absolute paths in shared objects and dynamic libraries
** testing if installed package can be loaded from final location
** testing if installed package keeps a record of temporary installation path
* DONE (fect)
